<?xml version="1.0" encoding="UTF-8"?>
<!-- Generated by org.testng.reporters.JUnitReportReporter -->
<testsuite skipped="0" hostname="LAPTOP-GULOPTL6" name="com.myproject.framework.TestCases" tests="1" failures="0" timestamp="2022-05-17T15:12:40 IST" time="26.144" errors="0">
  <testcase name="scrollWindow" time="26.144" classname="com.myproject.framework.TestCases"/>
  <system-out/>
</testsuite> <!-- com.myproject.framework.TestCases -->
